<?xml version="1.0" encoding="UTF-8"?>
<!-- Generated by org.testng.reporters.JUnitXMLReporter -->
<testsuite ignored="7" hostname="NSL-6557" failures="0" tests="7" name="Default test" time="0.096" errors="0" timestamp="2022-07-13T17:27:56 IST">
  <testcase classname="abstracted.Report" name="@BeforeTest beforeClass" time="-1.657713476407E9">
    <failure type="org.testng.TestNGException" message="
Parameter &amp;apos;browser&amp;apos; is required by BeforeTest on method beforeClass but has not been marked @Optional or defined
in C:\Users\sriyazayaz\AppData\Local\Temp\testng-eclipse--1688899535\testng-customsuite.xml">
      <![CDATA[org.testng.TestNGException: 
Parameter 'browser' is required by BeforeTest on method beforeClass but has not been marked @Optional or defined
in C:\Users\sriyazayaz\AppData\Local\Temp\testng-eclipse--1688899535\testng-customsuite.xml
at org.testng.internal.Parameters.createParams(Parameters.java:270)
at org.testng.internal.Parameters.createParametersForMethod(Parameters.java:358)
at org.testng.internal.Parameters.createParameters(Parameters.java:700)
at org.testng.internal.Parameters.createConfigurationParameters(Parameters.java:168)
at org.testng.internal.ConfigInvoker.invokeConfigurations(ConfigInvoker.java:302)
at org.testng.TestRunner.invokeTestConfigurations(TestRunner.java:637)
at org.testng.TestRunner.beforeRun(TestRunner.java:627)
at org.testng.TestRunner.run(TestRunner.java:589)
at org.testng.SuiteRunner.runTest(SuiteRunner.java:377)
at org.testng.SuiteRunner.runSequentially(SuiteRunner.java:371)
at org.testng.SuiteRunner.privateRun(SuiteRunner.java:332)
at org.testng.SuiteRunner.run(SuiteRunner.java:276)
at org.testng.SuiteRunnerWorker.runSuite(SuiteRunnerWorker.java:53)
at org.testng.SuiteRunnerWorker.run(SuiteRunnerWorker.java:96)
at org.testng.TestNG.runSuitesSequentially(TestNG.java:1212)
at org.testng.TestNG.runSuitesLocally(TestNG.java:1134)
at org.testng.TestNG.runSuites(TestNG.java:1063)
at org.testng.TestNG.run(TestNG.java:1031)
at org.testng.remote.AbstractRemoteTestNG.run(AbstractRemoteTestNG.java:115)
at org.testng.remote.RemoteTestNG.initAndRun(RemoteTestNG.java:251)
at org.testng.remote.RemoteTestNG.main(RemoteTestNG.java:77)
]]>
    </failure>
  </testcase> <!-- @BeforeTest beforeClass -->
  <testcase classname="abstracted.Report" name="@AfterMethod afterMethod" time="-1.657713476467E9">
    <skipped/>
  </testcase> <!-- @AfterMethod afterMethod -->
  <testcase classname="abstracted.Report" name="@AfterMethod afterMethod" time="-1.657713476477E9">
    <skipped/>
  </testcase> <!-- @AfterMethod afterMethod -->
  <testcase classname="abstracted.Report" name="@AfterMethod afterMethod" time="-1.657713476482E9">
    <skipped/>
  </testcase> <!-- @AfterMethod afterMethod -->
  <testcase classname="abstracted.Report" name="@AfterMethod afterMethod" time="-1.657713476486E9">
    <skipped/>
  </testcase> <!-- @AfterMethod afterMethod -->
  <testcase classname="abstracted.Report" name="@AfterMethod afterMethod" time="-1.65771347649E9">
    <skipped/>
  </testcase> <!-- @AfterMethod afterMethod -->
  <testcase classname="abstracted.Report" name="@AfterMethod afterMethod" time="-1.657713476493E9">
    <skipped/>
  </testcase> <!-- @AfterMethod afterMethod -->
  <testcase classname="abstracted.Report" name="@AfterClass afterClass" time="-1.657713476496E9">
    <skipped/>
  </testcase> <!-- @AfterClass afterClass -->
  <testcase classname="base.TestScript" name="prerequisite" time="0.0">
    <skipped/>
  </testcase> <!-- prerequisite -->
  <testcase classname="base.TestScript" name="TC_001" time="0.0">
    <skipped/>
  </testcase> <!-- TC_001 -->
  <testcase classname="base.TestScript" name="TC_002" time="0.0">
    <skipped/>
  </testcase> <!-- TC_002 -->
  <testcase classname="base.TestScript" name="TC_003" time="0.0">
    <skipped/>
  </testcase> <!-- TC_003 -->
  <testcase classname="base.TestScript" name="TC_004" time="0.0">
    <skipped/>
  </testcase> <!-- TC_004 -->
  <testcase classname="base.TestScript" name="TC_005" time="0.0">
    <skipped/>
  </testcase> <!-- TC_005 -->
  <testcase classname="base.TestScript" name="TC_006" time="0.0">
    <skipped/>
  </testcase> <!-- TC_006 -->
  <testcase classname="base.TestScript" name="TC_009" time="0.0">
    <ignored/>
  </testcase> <!-- TC_009 -->
  <testcase classname="base.TestScript" name="TC_008" time="0.0">
    <ignored/>
  </testcase> <!-- TC_008 -->
  <testcase classname="base.TestScript" name="TC_0010" time="0.0">
    <ignored/>
  </testcase> <!-- TC_0010 -->
  <testcase classname="base.TestScript" name="TC_0013" time="0.0">
    <ignored/>
  </testcase> <!-- TC_0013 -->
  <testcase classname="base.TestScript" name="TC_0011" time="0.0">
    <ignored/>
  </testcase> <!-- TC_0011 -->
  <testcase classname="base.TestScript" name="TC_0012" time="0.0">
    <ignored/>
  </testcase> <!-- TC_0012 -->
  <testcase classname="base.TestScript" name="TC_007" time="0.0">
    <ignored/>
  </testcase> <!-- TC_007 -->
</testsuite> <!-- Default test -->
